<?xml version="1.0" encoding="UTF-8"?>
<!-- Generated by org.testng.reporters.JUnitReportReporter -->
<testsuite skipped="0" hostname="LAPTOP-819O7F5I" name="com.qa.hubspot.testcases.HomePageTest" tests="3" failures="0" timestamp="2019-11-17T20:58:15 IST" time="5.189" errors="0">
  <testcase name="VerifyHomePageTitleIsDisplayed" time="1.065" classname="com.qa.hubspot.testcases.HomePageTest"/>
  <testcase name="VerifyHomePageHeaderValue" time="0.654" classname="com.qa.hubspot.testcases.HomePageTest"/>
  <testcase name="VerifyTheUserProfile" time="3.470" classname="com.qa.hubspot.testcases.HomePageTest"/>
</testsuite> <!-- com.qa.hubspot.testcases.HomePageTest -->
