<?xml version="1.0" encoding="UTF-8"?>
<!-- Generated by org.testng.reporters.JUnitReportReporter -->
<testsuite skipped="0" hostname="LAPTOP-819O7F5I" name="com.qa.hubspot.testcases.LoginPageTest" tests="3" failures="0" timestamp="2019-11-05T10:06:15 IST" time="3.990" errors="0">
  <testcase name="verifyLoginPageTitle" time="1.783" classname="com.qa.hubspot.testcases.LoginPageTest"/>
  <testcase name="valdiateLoginPageLinks" time="0.724" classname="com.qa.hubspot.testcases.LoginPageTest"/>
  <testcase name="LoginToHubSpot" time="1.483" classname="com.qa.hubspot.testcases.LoginPageTest"/>
</testsuite> <!-- com.qa.hubspot.testcases.LoginPageTest -->
